<?xml version="1.0" encoding="UTF-8"?>
<testng-results skipped="4" failed="0" total="4" passed="0">
  <reporter-output>
  </reporter-output>
  <suite name="Regression Suit" duration-ms="47597" started-at="2017-08-04T08:59:30Z" finished-at="2017-08-04T09:00:18Z">
    <groups>
    </groups>
    <test name="Login test_IE" duration-ms="934" started-at="2017-08-04T08:59:30Z" finished-at="2017-08-04T08:59:31Z">
      <class name="testScripts.TestScripts_1">
        <test-method status="PASS" signature="setUP()[pri:0, instance:testScripts.TestScripts_1@7f560810]" name="setUP" is-config="true" duration-ms="30" started-at="2017-08-04T14:29:30Z" finished-at="2017-08-04T14:29:31Z">
          <reporter-output>
          </reporter-output>
        </test-method> <!-- setUP -->
        <test-method status="FAIL" signature="beforeTest(java.lang.String)[pri:0, instance:testScripts.TestScripts_1@7f560810]" name="beforeTest" is-config="true" duration-ms="0" started-at="2017-08-04T14:29:31Z" finished-at="2017-08-04T14:29:31Z">
          <params>
            <param index="0">
              <value>
                <![CDATA[ie]]>
              </value>
            </param>
          </params>
          <exception class="org.openqa.selenium.remote.SessionNotFoundException">
            <message>
              <![CDATA[Unexpected error launching Internet Explorer. Protected Mode settings are not the same for all zones. Enable Protected Mode must be set to the same value (enabled or disabled) for all zones. (WARNING: The server did not provide any stacktrace information)
Command duration or timeout: 663 milliseconds
Build info: version: '2.53.1', revision: 'a36b8b1cd5757287168e54b817830adce9b0158d', time: '2016-06-30 19:26:09'
System info: host: 'CNDPBHAVIK', ip: '172.25.248.79', os.name: 'Windows 7', os.arch: 'amd64', os.version: '6.1', java.version: '1.8.0_91'
Driver info: org.openqa.selenium.ie.InternetExplorerDriver]]>
            </message>
            <full-stacktrace>
              <![CDATA[org.openqa.selenium.remote.SessionNotFoundException: Unexpected error launching Internet Explorer. Protected Mode settings are not the same for all zones. Enable Protected Mode must be set to the same value (enabled or disabled) for all zones. (WARNING: The server did not provide any stacktrace information)
Command duration or timeout: 663 milliseconds
Build info: version: '2.53.1', revision: 'a36b8b1cd5757287168e54b817830adce9b0158d', time: '2016-06-30 19:26:09'
System info: host: 'CNDPBHAVIK', ip: '172.25.248.79', os.name: 'Windows 7', os.arch: 'amd64', os.version: '6.1', java.version: '1.8.0_91'
Driver info: org.openqa.selenium.ie.InternetExplorerDriver
	at sun.reflect.NativeConstructorAccessorImpl.newInstance0(Native Method)
	at sun.reflect.NativeConstructorAccessorImpl.newInstance(Unknown Source)
	at sun.reflect.DelegatingConstructorAccessorImpl.newInstance(Unknown Source)
	at java.lang.reflect.Constructor.newInstance(Unknown Source)
	at org.openqa.selenium.remote.ErrorHandler.createThrowable(ErrorHandler.java:206)
	at org.openqa.selenium.remote.ErrorHandler.throwIfResponseFailed(ErrorHandler.java:158)
	at org.openqa.selenium.remote.RemoteWebDriver.execute(RemoteWebDriver.java:678)
	at org.openqa.selenium.remote.RemoteWebDriver.startSession(RemoteWebDriver.java:249)
	at org.openqa.selenium.remote.RemoteWebDriver.startSession(RemoteWebDriver.java:234)
	at org.openqa.selenium.ie.InternetExplorerDriver.run(InternetExplorerDriver.java:182)
	at org.openqa.selenium.ie.InternetExplorerDriver.<init>(InternetExplorerDriver.java:174)
	at org.openqa.selenium.ie.InternetExplorerDriver.<init>(InternetExplorerDriver.java:146)
	at testBase.TestBase.selectBrowser(TestBase.java:58)
	at testBase.TestBase.init1(TestBase.java:33)
	at testScripts.TestScripts_1.beforeTest(TestScripts_1.java:33)
	at sun.reflect.NativeMethodAccessorImpl.invoke0(Native Method)
	at sun.reflect.NativeMethodAccessorImpl.invoke(Unknown Source)
	at sun.reflect.DelegatingMethodAccessorImpl.invoke(Unknown Source)
	at java.lang.reflect.Method.invoke(Unknown Source)
	at org.testng.internal.MethodInvocationHelper.invokeMethod(MethodInvocationHelper.java:80)
	at org.testng.internal.Invoker.invokeConfigurationMethod(Invoker.java:564)
	at org.testng.internal.Invoker.invokeConfigurations(Invoker.java:213)
	at org.testng.internal.Invoker.invokeConfigurations(Invoker.java:138)
	at org.testng.internal.TestMethodWorker.invokeBeforeClassMethods(TestMethodWorker.java:175)
	at org.testng.internal.TestMethodWorker.run(TestMethodWorker.java:107)
	at org.testng.TestRunner.privateRun(TestRunner.java:767)
	at org.testng.TestRunner.run(TestRunner.java:617)
	at org.testng.SuiteRunner.runTest(SuiteRunner.java:334)
	at org.testng.SuiteRunner.access$000(SuiteRunner.java:37)
	at org.testng.SuiteRunner$SuiteWorker.run(SuiteRunner.java:368)
	at org.testng.internal.thread.ThreadUtil$2.call(ThreadUtil.java:64)
	at java.util.concurrent.FutureTask.run(Unknown Source)
	at java.util.concurrent.ThreadPoolExecutor.runWorker(Unknown Source)
	at java.util.concurrent.ThreadPoolExecutor$Worker.run(Unknown Source)
	at java.lang.Thread.run(Unknown Source)
]]>
            </full-stacktrace>
          </exception> <!-- org.openqa.selenium.remote.SessionNotFoundException -->
          <reporter-output>
          </reporter-output>
        </test-method> <!-- beforeTest -->
        <test-method status="SKIP" signature="testRegistraionWithValidData(java.lang.String, java.lang.String, java.lang.String, java.lang.String, java.lang.String, java.lang.String, java.lang.String, java.lang.String, java.lang.String, java.lang.String, java.lang.String, java.lang.String, java.lang.String, java.lang.String, java.lang.String)[pri:0, instance:testScripts.TestScripts_1@7f560810]" name="testRegistraionWithValidData" duration-ms="0" started-at="2017-08-04T14:29:31Z" description="Test Registration with valid data" data-provider="Authentication" finished-at="2017-08-04T14:29:31Z">
          <params>
            <param index="0">
              <value>
                <![CDATA[B34@new.com]]>
              </value>
            </param>
            <param index="1">
              <value>
                <![CDATA[Mr]]>
              </value>
            </param>
            <param index="2">
              <value>
                <![CDATA[test]]>
              </value>
            </param>
            <param index="3">
              <value>
                <![CDATA[rest]]>
              </value>
            </param>
            <param index="4">
              <value>
                <![CDATA[qwer1234]]>
              </value>
            </param>
            <param index="5">
              <value>
                <![CDATA[2]]>
              </value>
            </param>
            <param index="6">
              <value>
                <![CDATA[January]]>
              </value>
            </param>
            <param index="7">
              <value>
                <![CDATA[1992]]>
              </value>
            </param>
            <param index="8">
              <value>
                <![CDATA[Test Address 1]]>
              </value>
            </param>
            <param index="9">
              <value>
                <![CDATA[TestCity]]>
              </value>
            </param>
            <param index="10">
              <value>
                <![CDATA[Alaska]]>
              </value>
            </param>
            <param index="11">
              <value>
                <![CDATA[20360]]>
              </value>
            </param>
            <param index="12">
              <value>
                <![CDATA[United States]]>
              </value>
            </param>
            <param index="13">
              <value>
                <![CDATA[7894561478]]>
              </value>
            </param>
            <param index="14">
              <value>
                <![CDATA[tr@n.com]]>
              </value>
            </param>
          </params>
          <reporter-output>
          </reporter-output>
        </test-method> <!-- testRegistraionWithValidData -->
        <test-method status="SKIP" signature="EndTest()[pri:0, instance:testScripts.TestScripts_1@7f560810]" name="EndTest" is-config="true" duration-ms="0" started-at="2017-08-04T14:29:31Z" finished-at="2017-08-04T14:29:31Z">
          <reporter-output>
          </reporter-output>
        </test-method> <!-- EndTest -->
        <test-method status="SKIP" signature="testRegistraionWithValidData(java.lang.String, java.lang.String, java.lang.String, java.lang.String, java.lang.String, java.lang.String, java.lang.String, java.lang.String, java.lang.String, java.lang.String, java.lang.String, java.lang.String, java.lang.String, java.lang.String, java.lang.String)[pri:0, instance:testScripts.TestScripts_1@7f560810]" name="testRegistraionWithValidData" duration-ms="0" started-at="2017-08-04T14:29:31Z" description="Test Registration with valid data" data-provider="Authentication" finished-at="2017-08-04T14:29:31Z">
          <params>
            <param index="0">
              <value>
                <![CDATA[B33@new.com]]>
              </value>
            </param>
            <param index="1">
              <value>
                <![CDATA[Mr]]>
              </value>
            </param>
            <param index="2">
              <value>
                <![CDATA[test]]>
              </value>
            </param>
            <param index="3">
              <value>
                <![CDATA[rest]]>
              </value>
            </param>
            <param index="4">
              <value>
                <![CDATA[qwer1234]]>
              </value>
            </param>
            <param index="5">
              <value>
                <![CDATA[2]]>
              </value>
            </param>
            <param index="6">
              <value>
                <![CDATA[January]]>
              </value>
            </param>
            <param index="7">
              <value>
                <![CDATA[1992]]>
              </value>
            </param>
            <param index="8">
              <value>
                <![CDATA[Test Address 1]]>
              </value>
            </param>
            <param index="9">
              <value>
                <![CDATA[TestCity]]>
              </value>
            </param>
            <param index="10">
              <value>
                <![CDATA[Alaska]]>
              </value>
            </param>
            <param index="11">
              <value>
                <![CDATA[20360]]>
              </value>
            </param>
            <param index="12">
              <value>
                <![CDATA[United States]]>
              </value>
            </param>
            <param index="13">
              <value>
                <![CDATA[7894561478]]>
              </value>
            </param>
            <param index="14">
              <value>
                <![CDATA[tr@n.com]]>
              </value>
            </param>
          </params>
          <reporter-output>
          </reporter-output>
        </test-method> <!-- testRegistraionWithValidData -->
      </class> <!-- testScripts.TestScripts_1 -->
    </test> <!-- Login test_IE -->
    <test name="Login test_FF" duration-ms="47597" started-at="2017-08-04T08:59:30Z" finished-at="2017-08-04T09:00:18Z">
      <class name="testScripts.TestScripts_1">
        <test-method status="PASS" signature="setUP()[pri:0, instance:testScripts.TestScripts_1@90f6bfd]" name="setUP" is-config="true" duration-ms="30" started-at="2017-08-04T14:29:30Z" finished-at="2017-08-04T14:29:31Z">
          <reporter-output>
          </reporter-output>
        </test-method> <!-- setUP -->
        <test-method status="FAIL" signature="beforeTest(java.lang.String)[pri:0, instance:testScripts.TestScripts_1@90f6bfd]" name="beforeTest" is-config="true" duration-ms="0" started-at="2017-08-04T14:29:31Z" finished-at="2017-08-04T14:29:31Z">
          <params>
            <param index="0">
              <value>
                <![CDATA[firefox]]>
              </value>
            </param>
          </params>
          <exception class="org.openqa.selenium.WebDriverException">
            <message>
              <![CDATA[Failed to connect to binary FirefoxBinary(C:\Program Files\Mozilla Firefox\firefox.exe) on port 7055; process output follows: 
e":1495210271053,"updateDate":1495210271053,"applyBackgroundUpdates":1,"skinnable":true,"size":8207,"sourceURI":null,"releaseNotesURI":null,"softDisabled":false,"foreignInstall":false,"hasBinaryComponents":false,"strictCompatibility":true,"locales":[],"targetApplications":[{"id":"{ec8030f7-c20a-464f-9b0e-13a3a9e97384}","minVersion":"53.0.2","maxVersion":"53.0.2"}],"targetPlatforms":[],"seen":true,"dependencies":[],"hasEmbeddedWebExtension":false,"userPermissions":null}
1501837174710	addons.xpi	DEBUG	getModTime: Recursive scan of {972ce4c6-7e08-4474-a285-3208198ce6fd}
1501837174710	DeferredSave.extensions.json	DEBUG	Save changes
1501837174710	addons.xpi	DEBUG	Updating database with changes to installed add-ons
1501837174710	addons.xpi-utils	DEBUG	Updating add-on states
1501837174714	addons.xpi-utils	DEBUG	Writing add-ons list
1501837174717	addons.xpi	DEBUG	Registering manifest for C:\Program Files\Mozilla Firefox\browser\features\aushelper@mozilla.org.xpi
1501837174718	addons.xpi	DEBUG	Calling bootstrap method startup on aushelper@mozilla.org version 2.0
1501837174719	addons.xpi	DEBUG	Registering manifest for C:\Program Files\Mozilla Firefox\browser\features\e10srollout@mozilla.org.xpi
1501837174719	addons.xpi	DEBUG	Calling bootstrap method startup on e10srollout@mozilla.org version 1.14
1501837174720	addons.xpi	DEBUG	Registering manifest for C:\Program Files\Mozilla Firefox\browser\features\firefox@getpocket.com.xpi
1501837174720	addons.xpi	DEBUG	Calling bootstrap method startup on firefox@getpocket.com version 1.0.5
1501837174721	addons.xpi	DEBUG	Registering manifest for C:\Program Files\Mozilla Firefox\browser\features\webcompat@mozilla.org.xpi
1501837174721	addons.xpi	DEBUG	Calling bootstrap method startup on webcompat@mozilla.org version 1.0
1501837174723	addons.manager	DEBUG	Registering shutdown blocker for XPIProvider
1501837174724	addons.manager	DEBUG	Provider finished startup: XPIProvider
1501837174724	addons.manager	DEBUG	Starting provider: LightweightThemeManager
1501837174724	addons.manager	DEBUG	Registering shutdown blocker for LightweightThemeManager
1501837174724	addons.manager	DEBUG	Provider finished startup: LightweightThemeManager
1501837174725	addons.manager	DEBUG	Starting provider: GMPProvider
1501837174729	addons.manager	DEBUG	Registering shutdown blocker for GMPProvider
1501837174729	addons.manager	DEBUG	Provider finished startup: GMPProvider
1501837174729	addons.manager	DEBUG	Starting provider: PluginProvider
1501837174729	addons.manager	DEBUG	Registering shutdown blocker for PluginProvider
1501837174729	addons.manager	DEBUG	Provider finished startup: PluginProvider
1501837174729	addons.manager	DEBUG	Completed startup sequence
[GFX1]: Potential driver version mismatch ignored due to missing DLLs 0.0.0.0 and 0.0.0.0
1501837176304	addons.manager	DEBUG	Starting provider: <unnamed-provider>
1501837176304	addons.manager	DEBUG	Registering shutdown blocker for <unnamed-provider>
1501837176304	addons.manager	DEBUG	Provider finished startup: <unnamed-provider>
1501837176306	DeferredSave.extensions.json	DEBUG	Starting write
1501837176413	addons.repository	DEBUG	No addons.json found.
1501837176413	DeferredSave.addons.json	DEBUG	Save changes
1501837176416	DeferredSave.addons.json	DEBUG	Starting timer
1501837176463	addons.manager	DEBUG	Starting provider: PreviousExperimentProvider
1501837176463	addons.manager	DEBUG	Registering shutdown blocker for PreviousExperimentProvider
1501837176463	addons.manager	DEBUG	Provider finished startup: PreviousExperimentProvider
1501837176465	DeferredSave.extensions.json	DEBUG	Write succeeded
1501837176465	addons.xpi-utils	DEBUG	XPI Database saved, setting schema version preference to 19
1501837176468	DeferredSave.addons.json	DEBUG	Starting write
1501837176488	DeferredSave.addons.json	DEBUG	Write succeeded
Crash Annotation GraphicsCriticalError: |[C0][GFX1]: Potential driver version mismatch ignored due to missing DLLs 0.0.0.0 and 0.0.0.0 (t=1.0274) [GFX1]: Potential driver version mismatch ignored due to missing DLLs 0.0.0.0 and 0.0.0.0

Build info: version: '2.53.1', revision: 'a36b8b1cd5757287168e54b817830adce9b0158d', time: '2016-06-30 19:26:09'
System info: host: 'CNDPBHAVIK', ip: '172.25.248.79', os.name: 'Windows 7', os.arch: 'amd64', os.version: '6.1', java.version: '1.8.0_91'
Driver info: driver.version: FirefoxDriver]]>
            </message>
            <full-stacktrace>
              <![CDATA[org.openqa.selenium.WebDriverException: Failed to connect to binary FirefoxBinary(C:\Program Files\Mozilla Firefox\firefox.exe) on port 7055; process output follows: 
e":1495210271053,"updateDate":1495210271053,"applyBackgroundUpdates":1,"skinnable":true,"size":8207,"sourceURI":null,"releaseNotesURI":null,"softDisabled":false,"foreignInstall":false,"hasBinaryComponents":false,"strictCompatibility":true,"locales":[],"targetApplications":[{"id":"{ec8030f7-c20a-464f-9b0e-13a3a9e97384}","minVersion":"53.0.2","maxVersion":"53.0.2"}],"targetPlatforms":[],"seen":true,"dependencies":[],"hasEmbeddedWebExtension":false,"userPermissions":null}
1501837174710	addons.xpi	DEBUG	getModTime: Recursive scan of {972ce4c6-7e08-4474-a285-3208198ce6fd}
1501837174710	DeferredSave.extensions.json	DEBUG	Save changes
1501837174710	addons.xpi	DEBUG	Updating database with changes to installed add-ons
1501837174710	addons.xpi-utils	DEBUG	Updating add-on states
1501837174714	addons.xpi-utils	DEBUG	Writing add-ons list
1501837174717	addons.xpi	DEBUG	Registering manifest for C:\Program Files\Mozilla Firefox\browser\features\aushelper@mozilla.org.xpi
1501837174718	addons.xpi	DEBUG	Calling bootstrap method startup on aushelper@mozilla.org version 2.0
1501837174719	addons.xpi	DEBUG	Registering manifest for C:\Program Files\Mozilla Firefox\browser\features\e10srollout@mozilla.org.xpi
1501837174719	addons.xpi	DEBUG	Calling bootstrap method startup on e10srollout@mozilla.org version 1.14
1501837174720	addons.xpi	DEBUG	Registering manifest for C:\Program Files\Mozilla Firefox\browser\features\firefox@getpocket.com.xpi
1501837174720	addons.xpi	DEBUG	Calling bootstrap method startup on firefox@getpocket.com version 1.0.5
1501837174721	addons.xpi	DEBUG	Registering manifest for C:\Program Files\Mozilla Firefox\browser\features\webcompat@mozilla.org.xpi
1501837174721	addons.xpi	DEBUG	Calling bootstrap method startup on webcompat@mozilla.org version 1.0
1501837174723	addons.manager	DEBUG	Registering shutdown blocker for XPIProvider
1501837174724	addons.manager	DEBUG	Provider finished startup: XPIProvider
1501837174724	addons.manager	DEBUG	Starting provider: LightweightThemeManager
1501837174724	addons.manager	DEBUG	Registering shutdown blocker for LightweightThemeManager
1501837174724	addons.manager	DEBUG	Provider finished startup: LightweightThemeManager
1501837174725	addons.manager	DEBUG	Starting provider: GMPProvider
1501837174729	addons.manager	DEBUG	Registering shutdown blocker for GMPProvider
1501837174729	addons.manager	DEBUG	Provider finished startup: GMPProvider
1501837174729	addons.manager	DEBUG	Starting provider: PluginProvider
1501837174729	addons.manager	DEBUG	Registering shutdown blocker for PluginProvider
1501837174729	addons.manager	DEBUG	Provider finished startup: PluginProvider
1501837174729	addons.manager	DEBUG	Completed startup sequence
[GFX1]: Potential driver version mismatch ignored due to missing DLLs 0.0.0.0 and 0.0.0.0
1501837176304	addons.manager	DEBUG	Starting provider: <unnamed-provider>
1501837176304	addons.manager	DEBUG	Registering shutdown blocker for <unnamed-provider>
1501837176304	addons.manager	DEBUG	Provider finished startup: <unnamed-provider>
1501837176306	DeferredSave.extensions.json	DEBUG	Starting write
1501837176413	addons.repository	DEBUG	No addons.json found.
1501837176413	DeferredSave.addons.json	DEBUG	Save changes
1501837176416	DeferredSave.addons.json	DEBUG	Starting timer
1501837176463	addons.manager	DEBUG	Starting provider: PreviousExperimentProvider
1501837176463	addons.manager	DEBUG	Registering shutdown blocker for PreviousExperimentProvider
1501837176463	addons.manager	DEBUG	Provider finished startup: PreviousExperimentProvider
1501837176465	DeferredSave.extensions.json	DEBUG	Write succeeded
1501837176465	addons.xpi-utils	DEBUG	XPI Database saved, setting schema version preference to 19
1501837176468	DeferredSave.addons.json	DEBUG	Starting write
1501837176488	DeferredSave.addons.json	DEBUG	Write succeeded
Crash Annotation GraphicsCriticalError: |[C0][GFX1]: Potential driver version mismatch ignored due to missing DLLs 0.0.0.0 and 0.0.0.0 (t=1.0274) [GFX1]: Potential driver version mismatch ignored due to missing DLLs 0.0.0.0 and 0.0.0.0

Build info: version: '2.53.1', revision: 'a36b8b1cd5757287168e54b817830adce9b0158d', time: '2016-06-30 19:26:09'
System info: host: 'CNDPBHAVIK', ip: '172.25.248.79', os.name: 'Windows 7', os.arch: 'amd64', os.version: '6.1', java.version: '1.8.0_91'
Driver info: driver.version: FirefoxDriver
	at org.openqa.selenium.firefox.internal.NewProfileExtensionConnection.start(NewProfileExtensionConnection.java:125)
	at org.openqa.selenium.firefox.FirefoxDriver.startClient(FirefoxDriver.java:271)
	at org.openqa.selenium.remote.RemoteWebDriver.<init>(RemoteWebDriver.java:119)
	at org.openqa.selenium.firefox.FirefoxDriver.<init>(FirefoxDriver.java:216)
	at org.openqa.selenium.firefox.FirefoxDriver.<init>(FirefoxDriver.java:211)
	at org.openqa.selenium.firefox.FirefoxDriver.<init>(FirefoxDriver.java:207)
	at org.openqa.selenium.firefox.FirefoxDriver.<init>(FirefoxDriver.java:120)
	at testBase.TestBase.selectBrowser(TestBase.java:47)
	at testBase.TestBase.init1(TestBase.java:33)
	at testScripts.TestScripts_1.beforeTest(TestScripts_1.java:33)
	at sun.reflect.NativeMethodAccessorImpl.invoke0(Native Method)
	at sun.reflect.NativeMethodAccessorImpl.invoke(Unknown Source)
	at sun.reflect.DelegatingMethodAccessorImpl.invoke(Unknown Source)
	at java.lang.reflect.Method.invoke(Unknown Source)
	at org.testng.internal.MethodInvocationHelper.invokeMethod(MethodInvocationHelper.java:80)
	at org.testng.internal.Invoker.invokeConfigurationMethod(Invoker.java:564)
	at org.testng.internal.Invoker.invokeConfigurations(Invoker.java:213)
	at org.testng.internal.Invoker.invokeConfigurations(Invoker.java:138)
	at org.testng.internal.TestMethodWorker.invokeBeforeClassMethods(TestMethodWorker.java:175)
	at org.testng.internal.TestMethodWorker.run(TestMethodWorker.java:107)
	at org.testng.TestRunner.privateRun(TestRunner.java:767)
	at org.testng.TestRunner.run(TestRunner.java:617)
	at org.testng.SuiteRunner.runTest(SuiteRunner.java:334)
	at org.testng.SuiteRunner.access$000(SuiteRunner.java:37)
	at org.testng.SuiteRunner$SuiteWorker.run(SuiteRunner.java:368)
	at org.testng.internal.thread.ThreadUtil$2.call(ThreadUtil.java:64)
	at java.util.concurrent.FutureTask.run(Unknown Source)
	at java.util.concurrent.ThreadPoolExecutor.runWorker(Unknown Source)
	at java.util.concurrent.ThreadPoolExecutor$Worker.run(Unknown Source)
	at java.lang.Thread.run(Unknown Source)
Caused by: org.openqa.selenium.firefox.NotConnectedException: Unable to connect to host 127.0.0.1 on port 7055 after 45000 ms. Firefox console output:
e":1495210271053,"updateDate":1495210271053,"applyBackgroundUpdates":1,"skinnable":true,"size":8207,"sourceURI":null,"releaseNotesURI":null,"softDisabled":false,"foreignInstall":false,"hasBinaryComponents":false,"strictCompatibility":true,"locales":[],"targetApplications":[{"id":"{ec8030f7-c20a-464f-9b0e-13a3a9e97384}","minVersion":"53.0.2","maxVersion":"53.0.2"}],"targetPlatforms":[],"seen":true,"dependencies":[],"hasEmbeddedWebExtension":false,"userPermissions":null}
1501837174710	addons.xpi	DEBUG	getModTime: Recursive scan of {972ce4c6-7e08-4474-a285-3208198ce6fd}
1501837174710	DeferredSave.extensions.json	DEBUG	Save changes
1501837174710	addons.xpi	DEBUG	Updating database with changes to installed add-ons
1501837174710	addons.xpi-utils	DEBUG	Updating add-on states
1501837174714	addons.xpi-utils	DEBUG	Writing add-ons list
1501837174717	addons.xpi	DEBUG	Registering manifest for C:\Program Files\Mozilla Firefox\browser\features\aushelper@mozilla.org.xpi
1501837174718	addons.xpi	DEBUG	Calling bootstrap method startup on aushelper@mozilla.org version 2.0
1501837174719	addons.xpi	DEBUG	Registering manifest for C:\Program Files\Mozilla Firefox\browser\features\e10srollout@mozilla.org.xpi
1501837174719	addons.xpi	DEBUG	Calling bootstrap method startup on e10srollout@mozilla.org version 1.14
1501837174720	addons.xpi	DEBUG	Registering manifest for C:\Program Files\Mozilla Firefox\browser\features\firefox@getpocket.com.xpi
1501837174720	addons.xpi	DEBUG	Calling bootstrap method startup on firefox@getpocket.com version 1.0.5
1501837174721	addons.xpi	DEBUG	Registering manifest for C:\Program Files\Mozilla Firefox\browser\features\webcompat@mozilla.org.xpi
1501837174721	addons.xpi	DEBUG	Calling bootstrap method startup on webcompat@mozilla.org version 1.0
1501837174723	addons.manager	DEBUG	Registering shutdown blocker for XPIProvider
1501837174724	addons.manager	DEBUG	Provider finished startup: XPIProvider
1501837174724	addons.manager	DEBUG	Starting provider: LightweightThemeManager
1501837174724	addons.manager	DEBUG	Registering shutdown blocker for LightweightThemeManager
1501837174724	addons.manager	DEBUG	Provider finished startup: LightweightThemeManager
1501837174725	addons.manager	DEBUG	Starting provider: GMPProvider
1501837174729	addons.manager	DEBUG	Registering shutdown blocker for GMPProvider
1501837174729	addons.manager	DEBUG	Provider finished startup: GMPProvider
1501837174729	addons.manager	DEBUG	Starting provider: PluginProvider
1501837174729	addons.manager	DEBUG	Registering shutdown blocker for PluginProvider
1501837174729	addons.manager	DEBUG	Provider finished startup: PluginProvider
1501837174729	addons.manager	DEBUG	Completed startup sequence
[GFX1]: Potential driver version mismatch ignored due to missing DLLs 0.0.0.0 and 0.0.0.0
1501837176304	addons.manager	DEBUG	Starting provider: <unnamed-provider>
1501837176304	addons.manager	DEBUG	Registering shutdown blocker for <unnamed-provider>
1501837176304	addons.manager	DEBUG	Provider finished startup: <unnamed-provider>
1501837176306	DeferredSave.extensions.json	DEBUG	Starting write
1501837176413	addons.repository	DEBUG	No addons.json found.
1501837176413	DeferredSave.addons.json	DEBUG	Save changes
1501837176416	DeferredSave.addons.json	DEBUG	Starting timer
1501837176463	addons.manager	DEBUG	Starting provider: PreviousExperimentProvider
1501837176463	addons.manager	DEBUG	Registering shutdown blocker for PreviousExperimentProvider
1501837176463	addons.manager	DEBUG	Provider finished startup: PreviousExperimentProvider
1501837176465	DeferredSave.extensions.json	DEBUG	Write succeeded
1501837176465	addons.xpi-utils	DEBUG	XPI Database saved, setting schema version preference to 19
1501837176468	DeferredSave.addons.json	DEBUG	Starting write
1501837176488	DeferredSave.addons.json	DEBUG	Write succeeded
Crash Annotation GraphicsCriticalError: |[C0][GFX1]: Potential driver version mismatch ignored due to missing DLLs 0.0.0.0 and 0.0.0.0 (t=1.0274) [GFX1]: Potential driver version mismatch ignored due to missing DLLs 0.0.0.0 and 0.0.0.0

	at org.openqa.selenium.firefox.internal.NewProfileExtensionConnection.start(NewProfileExtensionConnection.java:113)
	... 29 more
]]>
            </full-stacktrace>
          </exception> <!-- org.openqa.selenium.WebDriverException -->
          <reporter-output>
          </reporter-output>
        </test-method> <!-- beforeTest -->
        <test-method status="SKIP" signature="testRegistraionWithValidData(java.lang.String, java.lang.String, java.lang.String, java.lang.String, java.lang.String, java.lang.String, java.lang.String, java.lang.String, java.lang.String, java.lang.String, java.lang.String, java.lang.String, java.lang.String, java.lang.String, java.lang.String)[pri:0, instance:testScripts.TestScripts_1@90f6bfd]" name="testRegistraionWithValidData" duration-ms="0" started-at="2017-08-04T14:30:18Z" description="Test Registration with valid data" data-provider="Authentication" finished-at="2017-08-04T14:30:18Z">
          <params>
            <param index="0">
              <value>
                <![CDATA[B33@new.com]]>
              </value>
            </param>
            <param index="1">
              <value>
                <![CDATA[Mr]]>
              </value>
            </param>
            <param index="2">
              <value>
                <![CDATA[test]]>
              </value>
            </param>
            <param index="3">
              <value>
                <![CDATA[rest]]>
              </value>
            </param>
            <param index="4">
              <value>
                <![CDATA[qwer1234]]>
              </value>
            </param>
            <param index="5">
              <value>
                <![CDATA[2]]>
              </value>
            </param>
            <param index="6">
              <value>
                <![CDATA[January]]>
              </value>
            </param>
            <param index="7">
              <value>
                <![CDATA[1992]]>
              </value>
            </param>
            <param index="8">
              <value>
                <![CDATA[Test Address 1]]>
              </value>
            </param>
            <param index="9">
              <value>
                <![CDATA[TestCity]]>
              </value>
            </param>
            <param index="10">
              <value>
                <![CDATA[Alaska]]>
              </value>
            </param>
            <param index="11">
              <value>
                <![CDATA[20360]]>
              </value>
            </param>
            <param index="12">
              <value>
                <![CDATA[United States]]>
              </value>
            </param>
            <param index="13">
              <value>
                <![CDATA[7894561478]]>
              </value>
            </param>
            <param index="14">
              <value>
                <![CDATA[tr@n.com]]>
              </value>
            </param>
          </params>
          <reporter-output>
          </reporter-output>
        </test-method> <!-- testRegistraionWithValidData -->
        <test-method status="SKIP" signature="testRegistraionWithValidData(java.lang.String, java.lang.String, java.lang.String, java.lang.String, java.lang.String, java.lang.String, java.lang.String, java.lang.String, java.lang.String, java.lang.String, java.lang.String, java.lang.String, java.lang.String, java.lang.String, java.lang.String)[pri:0, instance:testScripts.TestScripts_1@90f6bfd]" name="testRegistraionWithValidData" duration-ms="0" started-at="2017-08-04T14:30:18Z" description="Test Registration with valid data" data-provider="Authentication" finished-at="2017-08-04T14:30:18Z">
          <params>
            <param index="0">
              <value>
                <![CDATA[B34@new.com]]>
              </value>
            </param>
            <param index="1">
              <value>
                <![CDATA[Mr]]>
              </value>
            </param>
            <param index="2">
              <value>
                <![CDATA[test]]>
              </value>
            </param>
            <param index="3">
              <value>
                <![CDATA[rest]]>
              </value>
            </param>
            <param index="4">
              <value>
                <![CDATA[qwer1234]]>
              </value>
            </param>
            <param index="5">
              <value>
                <![CDATA[2]]>
              </value>
            </param>
            <param index="6">
              <value>
                <![CDATA[January]]>
              </value>
            </param>
            <param index="7">
              <value>
                <![CDATA[1992]]>
              </value>
            </param>
            <param index="8">
              <value>
                <![CDATA[Test Address 1]]>
              </value>
            </param>
            <param index="9">
              <value>
                <![CDATA[TestCity]]>
              </value>
            </param>
            <param index="10">
              <value>
                <![CDATA[Alaska]]>
              </value>
            </param>
            <param index="11">
              <value>
                <![CDATA[20360]]>
              </value>
            </param>
            <param index="12">
              <value>
                <![CDATA[United States]]>
              </value>
            </param>
            <param index="13">
              <value>
                <![CDATA[7894561478]]>
              </value>
            </param>
            <param index="14">
              <value>
                <![CDATA[tr@n.com]]>
              </value>
            </param>
          </params>
          <reporter-output>
          </reporter-output>
        </test-method> <!-- testRegistraionWithValidData -->
        <test-method status="SKIP" signature="EndTest()[pri:0, instance:testScripts.TestScripts_1@90f6bfd]" name="EndTest" is-config="true" duration-ms="0" started-at="2017-08-04T14:30:18Z" finished-at="2017-08-04T14:30:18Z">
          <reporter-output>
          </reporter-output>
        </test-method> <!-- EndTest -->
      </class> <!-- testScripts.TestScripts_1 -->
    </test> <!-- Login test_FF -->
  </suite> <!-- Regression Suit -->
</testng-results>
