<?xml version="1.0" encoding="UTF-8"?>
<testng-results skipped="2" failed="0" total="4" passed="2">
  <reporter-output>
  </reporter-output>
  <suite name="Regression Suit" duration-ms="67516" started-at="2017-08-04T10:14:59Z" finished-at="2017-08-04T10:16:07Z">
    <groups>
    </groups>
    <test name="Login test_IE" duration-ms="53309" started-at="2017-08-04T10:14:59Z" finished-at="2017-08-04T10:15:52Z">
      <class name="testScripts.TestScripts_1">
        <test-method status="FAIL" signature="beforeTesty(java.lang.String)[pri:0, instance:testScripts.TestScripts_1@271053e1]" name="beforeTesty" is-config="true" duration-ms="0" started-at="2017-08-04T15:44:59Z" finished-at="2017-08-04T15:44:59Z">
          <params>
            <param index="0">
              <value>
                <![CDATA[firefox]]>
              </value>
            </param>
          </params>
          <exception class="org.openqa.selenium.WebDriverException">
            <message>
              <![CDATA[Failed to connect to binary FirefoxBinary(C:\Program Files\Mozilla Firefox\firefox.exe) on port 7055; process output follows: 
ures\e10srollout@mozilla.org.xpi
1501841716059	addons.xpi	DEBUG	Calling bootstrap method startup on e10srollout@mozilla.org version 1.14
1501841716060	addons.xpi	DEBUG	Registering manifest for C:\Program Files\Mozilla Firefox\browser\features\firefox@getpocket.com.xpi
1501841716060	addons.xpi	DEBUG	Calling bootstrap method startup on firefox@getpocket.com version 1.0.5
1501841716061	addons.xpi	DEBUG	Registering manifest for C:\Program Files\Mozilla Firefox\browser\features\webcompat@mozilla.org.xpi
1501841716061	addons.xpi	DEBUG	Calling bootstrap method startup on webcompat@mozilla.org version 1.0
1501841716063	addons.manager	DEBUG	Registering shutdown blocker for XPIProvider
1501841716064	addons.manager	DEBUG	Provider finished startup: XPIProvider
1501841716064	addons.manager	DEBUG	Starting provider: LightweightThemeManager
1501841716064	addons.manager	DEBUG	Registering shutdown blocker for LightweightThemeManager
1501841716064	addons.manager	DEBUG	Provider finished startup: LightweightThemeManager
1501841716065	addons.manager	DEBUG	Starting provider: GMPProvider
1501841716069	addons.manager	DEBUG	Registering shutdown blocker for GMPProvider
1501841716069	addons.manager	DEBUG	Provider finished startup: GMPProvider
1501841716069	addons.manager	DEBUG	Starting provider: PluginProvider
1501841716069	addons.manager	DEBUG	Registering shutdown blocker for PluginProvider
1501841716069	addons.manager	DEBUG	Provider finished startup: PluginProvider
1501841716070	addons.manager	DEBUG	Completed startup sequence
[GFX1]: Potential driver version mismatch ignored due to missing DLLs 0.0.0.0 and 0.0.0.0
1501841718874	addons.manager	DEBUG	Starting provider: <unnamed-provider>
1501841718874	addons.manager	DEBUG	Registering shutdown blocker for <unnamed-provider>
1501841718875	addons.manager	DEBUG	Provider finished startup: <unnamed-provider>
1501841718876	DeferredSave.extensions.json	DEBUG	Starting write
1501841720509	addons.repository	DEBUG	No addons.json found.
1501841720510	DeferredSave.addons.json	DEBUG	Save changes
1501841720513	DeferredSave.addons.json	DEBUG	Starting timer
1501841720572	addons.manager	DEBUG	Starting provider: PreviousExperimentProvider
1501841720573	addons.manager	DEBUG	Registering shutdown blocker for PreviousExperimentProvider
1501841720573	addons.manager	DEBUG	Provider finished startup: PreviousExperimentProvider
1501841720574	DeferredSave.extensions.json	DEBUG	Write succeeded
1501841720574	addons.xpi-utils	DEBUG	XPI Database saved, setting schema version preference to 19
1501841720575	DeferredSave.addons.json	DEBUG	Starting write
1501841720598	DeferredSave.addons.json	DEBUG	Write succeeded
Crash Annotation GraphicsCriticalError: |[C0][GFX1]: Potential driver version mismatch ignored due to missing DLLs 0.0.0.0 and 0.0.0.0 (t=30.852) [GFX1]: Potential driver version mismatch ignored due to missing DLLs 0.0.0.0 and 0.0.0.0
1501841741573	addons.xpi	DEBUG	Calling bootstrap method shutdown on webcompat@mozilla.org version 1.0
1501841741573	addons.xpi	DEBUG	Calling bootstrap method shutdown on firefox@getpocket.com version 1.0.5
1501841741574	addons.xpi	DEBUG	Calling bootstrap method shutdown on e10srollout@mozilla.org version 1.14
1501841741575	addons.xpi	DEBUG	Calling bootstrap method shutdown on aushelper@mozilla.org version 2.0
1501841741814	addons.manager	DEBUG	shutdown
1501841741814	addons.manager	DEBUG	Calling shutdown blocker for XPIProvider
1501841741814	addons.xpi	DEBUG	shutdown
1501841741815	addons.xpi-utils	DEBUG	shutdown
1501841741815	addons.manager	DEBUG	Calling shutdown blocker for LightweightThemeManager
1501841741816	addons.manager	DEBUG	Calling shutdown blocker for GMPProvider
1501841741818	addons.manager	DEBUG	Calling shutdown blocker for PluginProvider
1501841741818	addons.manager	DEBUG	Calling shutdown blocker for <unnamed-provider>
1501841741819	addons.manager	DEBUG	Calling shutdown blocker for PreviousExperimentProvider
1501841741822	addons.xpi	DEBUG	Notifying XPI shutdown observers
1501841741825	addons.manager	DEBUG	Async provider shutdown done

Build info: version: '2.53.1', revision: 'a36b8b1cd5757287168e54b817830adce9b0158d', time: '2016-06-30 19:26:09'
System info: host: 'CNDPBHAVIK', ip: '172.25.248.79', os.name: 'Windows 7', os.arch: 'amd64', os.version: '6.1', java.version: '1.8.0_91'
Driver info: driver.version: FirefoxDriver]]>
            </message>
            <full-stacktrace>
              <![CDATA[org.openqa.selenium.WebDriverException: Failed to connect to binary FirefoxBinary(C:\Program Files\Mozilla Firefox\firefox.exe) on port 7055; process output follows: 
ures\e10srollout@mozilla.org.xpi
1501841716059	addons.xpi	DEBUG	Calling bootstrap method startup on e10srollout@mozilla.org version 1.14
1501841716060	addons.xpi	DEBUG	Registering manifest for C:\Program Files\Mozilla Firefox\browser\features\firefox@getpocket.com.xpi
1501841716060	addons.xpi	DEBUG	Calling bootstrap method startup on firefox@getpocket.com version 1.0.5
1501841716061	addons.xpi	DEBUG	Registering manifest for C:\Program Files\Mozilla Firefox\browser\features\webcompat@mozilla.org.xpi
1501841716061	addons.xpi	DEBUG	Calling bootstrap method startup on webcompat@mozilla.org version 1.0
1501841716063	addons.manager	DEBUG	Registering shutdown blocker for XPIProvider
1501841716064	addons.manager	DEBUG	Provider finished startup: XPIProvider
1501841716064	addons.manager	DEBUG	Starting provider: LightweightThemeManager
1501841716064	addons.manager	DEBUG	Registering shutdown blocker for LightweightThemeManager
1501841716064	addons.manager	DEBUG	Provider finished startup: LightweightThemeManager
1501841716065	addons.manager	DEBUG	Starting provider: GMPProvider
1501841716069	addons.manager	DEBUG	Registering shutdown blocker for GMPProvider
1501841716069	addons.manager	DEBUG	Provider finished startup: GMPProvider
1501841716069	addons.manager	DEBUG	Starting provider: PluginProvider
1501841716069	addons.manager	DEBUG	Registering shutdown blocker for PluginProvider
1501841716069	addons.manager	DEBUG	Provider finished startup: PluginProvider
1501841716070	addons.manager	DEBUG	Completed startup sequence
[GFX1]: Potential driver version mismatch ignored due to missing DLLs 0.0.0.0 and 0.0.0.0
1501841718874	addons.manager	DEBUG	Starting provider: <unnamed-provider>
1501841718874	addons.manager	DEBUG	Registering shutdown blocker for <unnamed-provider>
1501841718875	addons.manager	DEBUG	Provider finished startup: <unnamed-provider>
1501841718876	DeferredSave.extensions.json	DEBUG	Starting write
1501841720509	addons.repository	DEBUG	No addons.json found.
1501841720510	DeferredSave.addons.json	DEBUG	Save changes
1501841720513	DeferredSave.addons.json	DEBUG	Starting timer
1501841720572	addons.manager	DEBUG	Starting provider: PreviousExperimentProvider
1501841720573	addons.manager	DEBUG	Registering shutdown blocker for PreviousExperimentProvider
1501841720573	addons.manager	DEBUG	Provider finished startup: PreviousExperimentProvider
1501841720574	DeferredSave.extensions.json	DEBUG	Write succeeded
1501841720574	addons.xpi-utils	DEBUG	XPI Database saved, setting schema version preference to 19
1501841720575	DeferredSave.addons.json	DEBUG	Starting write
1501841720598	DeferredSave.addons.json	DEBUG	Write succeeded
Crash Annotation GraphicsCriticalError: |[C0][GFX1]: Potential driver version mismatch ignored due to missing DLLs 0.0.0.0 and 0.0.0.0 (t=30.852) [GFX1]: Potential driver version mismatch ignored due to missing DLLs 0.0.0.0 and 0.0.0.0
1501841741573	addons.xpi	DEBUG	Calling bootstrap method shutdown on webcompat@mozilla.org version 1.0
1501841741573	addons.xpi	DEBUG	Calling bootstrap method shutdown on firefox@getpocket.com version 1.0.5
1501841741574	addons.xpi	DEBUG	Calling bootstrap method shutdown on e10srollout@mozilla.org version 1.14
1501841741575	addons.xpi	DEBUG	Calling bootstrap method shutdown on aushelper@mozilla.org version 2.0
1501841741814	addons.manager	DEBUG	shutdown
1501841741814	addons.manager	DEBUG	Calling shutdown blocker for XPIProvider
1501841741814	addons.xpi	DEBUG	shutdown
1501841741815	addons.xpi-utils	DEBUG	shutdown
1501841741815	addons.manager	DEBUG	Calling shutdown blocker for LightweightThemeManager
1501841741816	addons.manager	DEBUG	Calling shutdown blocker for GMPProvider
1501841741818	addons.manager	DEBUG	Calling shutdown blocker for PluginProvider
1501841741818	addons.manager	DEBUG	Calling shutdown blocker for <unnamed-provider>
1501841741819	addons.manager	DEBUG	Calling shutdown blocker for PreviousExperimentProvider
1501841741822	addons.xpi	DEBUG	Notifying XPI shutdown observers
1501841741825	addons.manager	DEBUG	Async provider shutdown done

Build info: version: '2.53.1', revision: 'a36b8b1cd5757287168e54b817830adce9b0158d', time: '2016-06-30 19:26:09'
System info: host: 'CNDPBHAVIK', ip: '172.25.248.79', os.name: 'Windows 7', os.arch: 'amd64', os.version: '6.1', java.version: '1.8.0_91'
Driver info: driver.version: FirefoxDriver
	at org.openqa.selenium.firefox.internal.NewProfileExtensionConnection.start(NewProfileExtensionConnection.java:125)
	at org.openqa.selenium.firefox.FirefoxDriver.startClient(FirefoxDriver.java:271)
	at org.openqa.selenium.remote.RemoteWebDriver.<init>(RemoteWebDriver.java:119)
	at org.openqa.selenium.firefox.FirefoxDriver.<init>(FirefoxDriver.java:216)
	at org.openqa.selenium.firefox.FirefoxDriver.<init>(FirefoxDriver.java:211)
	at org.openqa.selenium.firefox.FirefoxDriver.<init>(FirefoxDriver.java:207)
	at org.openqa.selenium.firefox.FirefoxDriver.<init>(FirefoxDriver.java:120)
	at testBase.TestBase.selectBrowser(TestBase.java:49)
	at testBase.TestBase.init1(TestBase.java:33)
	at testScripts.TestScripts_1.beforeTesty(TestScripts_1.java:34)
	at sun.reflect.NativeMethodAccessorImpl.invoke0(Native Method)
	at sun.reflect.NativeMethodAccessorImpl.invoke(Unknown Source)
	at sun.reflect.DelegatingMethodAccessorImpl.invoke(Unknown Source)
	at java.lang.reflect.Method.invoke(Unknown Source)
	at org.testng.internal.MethodInvocationHelper.invokeMethod(MethodInvocationHelper.java:80)
	at org.testng.internal.Invoker.invokeConfigurationMethod(Invoker.java:564)
	at org.testng.internal.Invoker.invokeConfigurations(Invoker.java:213)
	at org.testng.internal.Invoker.invokeConfigurations(Invoker.java:138)
	at org.testng.internal.TestMethodWorker.invokeBeforeClassMethods(TestMethodWorker.java:175)
	at org.testng.internal.TestMethodWorker.run(TestMethodWorker.java:107)
	at org.testng.TestRunner.privateRun(TestRunner.java:767)
	at org.testng.TestRunner.run(TestRunner.java:617)
	at org.testng.SuiteRunner.runTest(SuiteRunner.java:334)
	at org.testng.SuiteRunner.access$000(SuiteRunner.java:37)
	at org.testng.SuiteRunner$SuiteWorker.run(SuiteRunner.java:368)
	at org.testng.internal.thread.ThreadUtil$2.call(ThreadUtil.java:64)
	at java.util.concurrent.FutureTask.run(Unknown Source)
	at java.util.concurrent.ThreadPoolExecutor.runWorker(Unknown Source)
	at java.util.concurrent.ThreadPoolExecutor$Worker.run(Unknown Source)
	at java.lang.Thread.run(Unknown Source)
Caused by: org.openqa.selenium.firefox.NotConnectedException: Unable to connect to host 127.0.0.1 on port 7055 after 45000 ms. Firefox console output:
ures\e10srollout@mozilla.org.xpi
1501841716059	addons.xpi	DEBUG	Calling bootstrap method startup on e10srollout@mozilla.org version 1.14
1501841716060	addons.xpi	DEBUG	Registering manifest for C:\Program Files\Mozilla Firefox\browser\features\firefox@getpocket.com.xpi
1501841716060	addons.xpi	DEBUG	Calling bootstrap method startup on firefox@getpocket.com version 1.0.5
1501841716061	addons.xpi	DEBUG	Registering manifest for C:\Program Files\Mozilla Firefox\browser\features\webcompat@mozilla.org.xpi
1501841716061	addons.xpi	DEBUG	Calling bootstrap method startup on webcompat@mozilla.org version 1.0
1501841716063	addons.manager	DEBUG	Registering shutdown blocker for XPIProvider
1501841716064	addons.manager	DEBUG	Provider finished startup: XPIProvider
1501841716064	addons.manager	DEBUG	Starting provider: LightweightThemeManager
1501841716064	addons.manager	DEBUG	Registering shutdown blocker for LightweightThemeManager
1501841716064	addons.manager	DEBUG	Provider finished startup: LightweightThemeManager
1501841716065	addons.manager	DEBUG	Starting provider: GMPProvider
1501841716069	addons.manager	DEBUG	Registering shutdown blocker for GMPProvider
1501841716069	addons.manager	DEBUG	Provider finished startup: GMPProvider
1501841716069	addons.manager	DEBUG	Starting provider: PluginProvider
1501841716069	addons.manager	DEBUG	Registering shutdown blocker for PluginProvider
1501841716069	addons.manager	DEBUG	Provider finished startup: PluginProvider
1501841716070	addons.manager	DEBUG	Completed startup sequence
[GFX1]: Potential driver version mismatch ignored due to missing DLLs 0.0.0.0 and 0.0.0.0
1501841718874	addons.manager	DEBUG	Starting provider: <unnamed-provider>
1501841718874	addons.manager	DEBUG	Registering shutdown blocker for <unnamed-provider>
1501841718875	addons.manager	DEBUG	Provider finished startup: <unnamed-provider>
1501841718876	DeferredSave.extensions.json	DEBUG	Starting write
1501841720509	addons.repository	DEBUG	No addons.json found.
1501841720510	DeferredSave.addons.json	DEBUG	Save changes
1501841720513	DeferredSave.addons.json	DEBUG	Starting timer
1501841720572	addons.manager	DEBUG	Starting provider: PreviousExperimentProvider
1501841720573	addons.manager	DEBUG	Registering shutdown blocker for PreviousExperimentProvider
1501841720573	addons.manager	DEBUG	Provider finished startup: PreviousExperimentProvider
1501841720574	DeferredSave.extensions.json	DEBUG	Write succeeded
1501841720574	addons.xpi-utils	DEBUG	XPI Database saved, setting schema version preference to 19
1501841720575	DeferredSave.addons.json	DEBUG	Starting write
1501841720598	DeferredSave.addons.json	DEBUG	Write succeeded
Crash Annotation GraphicsCriticalError: |[C0][GFX1]: Potential driver version mismatch ignored due to missing DLLs 0.0.0.0 and 0.0.0.0 (t=30.852) [GFX1]: Potential driver version mismatch ignored due to missing DLLs 0.0.0.0 and 0.0.0.0
1501841741573	addons.xpi	DEBUG	Calling bootstrap method shutdown on webcompat@mozilla.org version 1.0
1501841741573	addons.xpi	DEBUG	Calling bootstrap method shutdown on firefox@getpocket.com version 1.0.5
1501841741574	addons.xpi	DEBUG	Calling bootstrap method shutdown on e10srollout@mozilla.org version 1.14
1501841741575	addons.xpi	DEBUG	Calling bootstrap method shutdown on aushelper@mozilla.org version 2.0
1501841741814	addons.manager	DEBUG	shutdown
1501841741814	addons.manager	DEBUG	Calling shutdown blocker for XPIProvider
1501841741814	addons.xpi	DEBUG	shutdown
1501841741815	addons.xpi-utils	DEBUG	shutdown
1501841741815	addons.manager	DEBUG	Calling shutdown blocker for LightweightThemeManager
1501841741816	addons.manager	DEBUG	Calling shutdown blocker for GMPProvider
1501841741818	addons.manager	DEBUG	Calling shutdown blocker for PluginProvider
1501841741818	addons.manager	DEBUG	Calling shutdown blocker for <unnamed-provider>
1501841741819	addons.manager	DEBUG	Calling shutdown blocker for PreviousExperimentProvider
1501841741822	addons.xpi	DEBUG	Notifying XPI shutdown observers
1501841741825	addons.manager	DEBUG	Async provider shutdown done

	at org.openqa.selenium.firefox.internal.NewProfileExtensionConnection.start(NewProfileExtensionConnection.java:113)
	... 29 more
]]>
            </full-stacktrace>
          </exception> <!-- org.openqa.selenium.WebDriverException -->
          <reporter-output>
          </reporter-output>
        </test-method> <!-- beforeTesty -->
        <test-method status="SKIP" signature="testRegistraionWithValidData(java.lang.String, java.lang.String, java.lang.String, java.lang.String, java.lang.String, java.lang.String, java.lang.String, java.lang.String, java.lang.String, java.lang.String, java.lang.String, java.lang.String, java.lang.String, java.lang.String, java.lang.String)[pri:0, instance:testScripts.TestScripts_1@271053e1]" name="testRegistraionWithValidData" duration-ms="1" started-at="2017-08-04T15:45:52Z" description="Test Registration with valid data" data-provider="Authentication" finished-at="2017-08-04T15:45:52Z">
          <params>
            <param index="0">
              <value>
                <![CDATA[B34@new.com]]>
              </value>
            </param>
            <param index="1">
              <value>
                <![CDATA[Mr]]>
              </value>
            </param>
            <param index="2">
              <value>
                <![CDATA[test]]>
              </value>
            </param>
            <param index="3">
              <value>
                <![CDATA[rest]]>
              </value>
            </param>
            <param index="4">
              <value>
                <![CDATA[qwer1234]]>
              </value>
            </param>
            <param index="5">
              <value>
                <![CDATA[2]]>
              </value>
            </param>
            <param index="6">
              <value>
                <![CDATA[January]]>
              </value>
            </param>
            <param index="7">
              <value>
                <![CDATA[1992]]>
              </value>
            </param>
            <param index="8">
              <value>
                <![CDATA[Test Address 1]]>
              </value>
            </param>
            <param index="9">
              <value>
                <![CDATA[TestCity]]>
              </value>
            </param>
            <param index="10">
              <value>
                <![CDATA[Alaska]]>
              </value>
            </param>
            <param index="11">
              <value>
                <![CDATA[20360]]>
              </value>
            </param>
            <param index="12">
              <value>
                <![CDATA[United States]]>
              </value>
            </param>
            <param index="13">
              <value>
                <![CDATA[7894561478]]>
              </value>
            </param>
            <param index="14">
              <value>
                <![CDATA[tr@n.com]]>
              </value>
            </param>
          </params>
          <reporter-output>
          </reporter-output>
        </test-method> <!-- testRegistraionWithValidData -->
        <test-method status="SKIP" signature="EndTest()[pri:0, instance:testScripts.TestScripts_1@271053e1]" name="EndTest" is-config="true" duration-ms="0" started-at="2017-08-04T15:45:52Z" finished-at="2017-08-04T15:45:52Z">
          <reporter-output>
          </reporter-output>
        </test-method> <!-- EndTest -->
        <test-method status="SKIP" signature="testRegistraionWithValidData(java.lang.String, java.lang.String, java.lang.String, java.lang.String, java.lang.String, java.lang.String, java.lang.String, java.lang.String, java.lang.String, java.lang.String, java.lang.String, java.lang.String, java.lang.String, java.lang.String, java.lang.String)[pri:0, instance:testScripts.TestScripts_1@271053e1]" name="testRegistraionWithValidData" duration-ms="0" started-at="2017-08-04T15:45:52Z" description="Test Registration with valid data" data-provider="Authentication" finished-at="2017-08-04T15:45:52Z">
          <params>
            <param index="0">
              <value>
                <![CDATA[B33@new.com]]>
              </value>
            </param>
            <param index="1">
              <value>
                <![CDATA[Mr]]>
              </value>
            </param>
            <param index="2">
              <value>
                <![CDATA[test]]>
              </value>
            </param>
            <param index="3">
              <value>
                <![CDATA[rest]]>
              </value>
            </param>
            <param index="4">
              <value>
                <![CDATA[qwer1234]]>
              </value>
            </param>
            <param index="5">
              <value>
                <![CDATA[2]]>
              </value>
            </param>
            <param index="6">
              <value>
                <![CDATA[January]]>
              </value>
            </param>
            <param index="7">
              <value>
                <![CDATA[1992]]>
              </value>
            </param>
            <param index="8">
              <value>
                <![CDATA[Test Address 1]]>
              </value>
            </param>
            <param index="9">
              <value>
                <![CDATA[TestCity]]>
              </value>
            </param>
            <param index="10">
              <value>
                <![CDATA[Alaska]]>
              </value>
            </param>
            <param index="11">
              <value>
                <![CDATA[20360]]>
              </value>
            </param>
            <param index="12">
              <value>
                <![CDATA[United States]]>
              </value>
            </param>
            <param index="13">
              <value>
                <![CDATA[7894561478]]>
              </value>
            </param>
            <param index="14">
              <value>
                <![CDATA[tr@n.com]]>
              </value>
            </param>
          </params>
          <reporter-output>
          </reporter-output>
        </test-method> <!-- testRegistraionWithValidData -->
      </class> <!-- testScripts.TestScripts_1 -->
    </test> <!-- Login test_IE -->
    <test name="Login test_CH" duration-ms="67516" started-at="2017-08-04T10:14:59Z" finished-at="2017-08-04T10:16:07Z">
      <class name="testScripts.TestScripts_1">
        <test-method status="PASS" signature="beforeTesty(java.lang.String)[pri:0, instance:testScripts.TestScripts_1@5e3a8624]" name="beforeTesty" is-config="true" duration-ms="27014" started-at="2017-08-04T15:44:59Z" finished-at="2017-08-04T15:45:26Z">
          <params>
            <param index="0">
              <value>
                <![CDATA[chrome]]>
              </value>
            </param>
          </params>
          <reporter-output>
          </reporter-output>
        </test-method> <!-- beforeTesty -->
        <test-method status="PASS" signature="testRegistraionWithValidData(java.lang.String, java.lang.String, java.lang.String, java.lang.String, java.lang.String, java.lang.String, java.lang.String, java.lang.String, java.lang.String, java.lang.String, java.lang.String, java.lang.String, java.lang.String, java.lang.String, java.lang.String)[pri:0, instance:testScripts.TestScripts_1@5e3a8624]" name="testRegistraionWithValidData" duration-ms="22696" started-at="2017-08-04T15:45:26Z" description="Test Registration with valid data" data-provider="Authentication" finished-at="2017-08-04T15:45:49Z">
          <params>
            <param index="0">
              <value>
                <![CDATA[B34@new.com]]>
              </value>
            </param>
            <param index="1">
              <value>
                <![CDATA[Mr]]>
              </value>
            </param>
            <param index="2">
              <value>
                <![CDATA[test]]>
              </value>
            </param>
            <param index="3">
              <value>
                <![CDATA[rest]]>
              </value>
            </param>
            <param index="4">
              <value>
                <![CDATA[qwer1234]]>
              </value>
            </param>
            <param index="5">
              <value>
                <![CDATA[2]]>
              </value>
            </param>
            <param index="6">
              <value>
                <![CDATA[January]]>
              </value>
            </param>
            <param index="7">
              <value>
                <![CDATA[1992]]>
              </value>
            </param>
            <param index="8">
              <value>
                <![CDATA[Test Address 1]]>
              </value>
            </param>
            <param index="9">
              <value>
                <![CDATA[TestCity]]>
              </value>
            </param>
            <param index="10">
              <value>
                <![CDATA[Alaska]]>
              </value>
            </param>
            <param index="11">
              <value>
                <![CDATA[20360]]>
              </value>
            </param>
            <param index="12">
              <value>
                <![CDATA[United States]]>
              </value>
            </param>
            <param index="13">
              <value>
                <![CDATA[7894561478]]>
              </value>
            </param>
            <param index="14">
              <value>
                <![CDATA[tr@n.com]]>
              </value>
            </param>
          </params>
          <reporter-output>
          </reporter-output>
        </test-method> <!-- testRegistraionWithValidData -->
        <test-method status="PASS" signature="testRegistraionWithValidData(java.lang.String, java.lang.String, java.lang.String, java.lang.String, java.lang.String, java.lang.String, java.lang.String, java.lang.String, java.lang.String, java.lang.String, java.lang.String, java.lang.String, java.lang.String, java.lang.String, java.lang.String)[pri:0, instance:testScripts.TestScripts_1@5e3a8624]" name="testRegistraionWithValidData" duration-ms="16971" started-at="2017-08-04T15:45:49Z" description="Test Registration with valid data" data-provider="Authentication" finished-at="2017-08-04T15:46:06Z">
          <params>
            <param index="0">
              <value>
                <![CDATA[B33@new.com]]>
              </value>
            </param>
            <param index="1">
              <value>
                <![CDATA[Mr]]>
              </value>
            </param>
            <param index="2">
              <value>
                <![CDATA[test]]>
              </value>
            </param>
            <param index="3">
              <value>
                <![CDATA[rest]]>
              </value>
            </param>
            <param index="4">
              <value>
                <![CDATA[qwer1234]]>
              </value>
            </param>
            <param index="5">
              <value>
                <![CDATA[2]]>
              </value>
            </param>
            <param index="6">
              <value>
                <![CDATA[January]]>
              </value>
            </param>
            <param index="7">
              <value>
                <![CDATA[1992]]>
              </value>
            </param>
            <param index="8">
              <value>
                <![CDATA[Test Address 1]]>
              </value>
            </param>
            <param index="9">
              <value>
                <![CDATA[TestCity]]>
              </value>
            </param>
            <param index="10">
              <value>
                <![CDATA[Alaska]]>
              </value>
            </param>
            <param index="11">
              <value>
                <![CDATA[20360]]>
              </value>
            </param>
            <param index="12">
              <value>
                <![CDATA[United States]]>
              </value>
            </param>
            <param index="13">
              <value>
                <![CDATA[7894561478]]>
              </value>
            </param>
            <param index="14">
              <value>
                <![CDATA[tr@n.com]]>
              </value>
            </param>
          </params>
          <reporter-output>
          </reporter-output>
        </test-method> <!-- testRegistraionWithValidData -->
        <test-method status="PASS" signature="EndTest()[pri:0, instance:testScripts.TestScripts_1@5e3a8624]" name="EndTest" is-config="true" duration-ms="827" started-at="2017-08-04T15:46:06Z" finished-at="2017-08-04T15:46:07Z">
          <reporter-output>
          </reporter-output>
        </test-method> <!-- EndTest -->
      </class> <!-- testScripts.TestScripts_1 -->
    </test> <!-- Login test_CH -->
  </suite> <!-- Regression Suit -->
</testng-results>
